2025-03-13 22:02:43,997 - INFO - Starting Sentiment Analysis Training with Naïve Bayes...
2025-03-13 22:04:26,250 - INFO - Balancing dataset...
2025-03-13 22:04:26,269 - INFO - Dataset Balanced: {1: 5894, 0: 5894, 2: 5894}
2025-03-13 22:04:26,271 - INFO - Training Samples: 14145, Test Samples: 3537
2025-03-13 22:04:53,039 - INFO - Training Naïve Bayes model...
2025-03-13 22:05:21,806 - INFO - Evaluating model...
2025-03-13 22:49:47,629 - INFO - Starting Sentiment Analysis Training with Naïve Bayes...
2025-03-13 22:50:15,674 - INFO - Starting Sentiment Analysis Training with Naïve Bayes...
2025-03-13 22:50:15,732 - INFO - Balancing dataset...
2025-03-13 22:50:15,745 - INFO - Dataset Balanced: {1: 5894, 0: 5894, 2: 5894}
2025-03-13 22:50:15,746 - INFO - Training Samples: 14145, Test Samples: 3537
2025-03-13 22:50:16,025 - INFO - Training Naïve Bayes model...
2025-03-13 22:50:16,029 - INFO - Evaluating model...
2025-03-13 22:57:35,572 - INFO - Starting Sentiment Analysis Training with Naïve Bayes...
2025-03-13 22:57:35,622 - INFO - Balancing dataset...
2025-03-13 22:57:35,631 - INFO - Dataset Balanced: {1: 5894, 0: 5894, 2: 5894}
2025-03-13 22:57:35,633 - INFO - Training Samples: 14145, Test Samples: 3537
2025-03-13 22:57:35,916 - INFO - Training Naïve Bayes model...
2025-03-13 22:57:35,919 - INFO - Evaluating model...
2025-03-13 23:02:21,180 - INFO - Starting Sentiment Analysis Training with Naïve Bayes...
2025-03-13 23:02:21,236 - INFO - Balancing dataset...
2025-03-13 23:02:21,246 - INFO - Dataset Balanced: {1: 5894, 0: 5894, 2: 5894}
2025-03-13 23:02:21,247 - INFO - Training Samples: 14145, Test Samples: 3537
2025-03-13 23:02:21,534 - INFO - Training Naïve Bayes model...
2025-03-13 23:02:21,537 - INFO - Evaluating model...
2025-03-13 23:03:05,956 - INFO - Starting Sentiment Analysis Training with Naïve Bayes...
2025-03-13 23:03:06,003 - INFO - Balancing dataset...
2025-03-13 23:03:06,010 - INFO - Dataset Balanced: {1: 5894, 0: 5894, 2: 5894}
2025-03-13 23:03:06,011 - INFO - Training Samples: 14145, Test Samples: 3537
2025-03-13 23:03:06,283 - INFO - Training Naïve Bayes model...
2025-03-13 23:03:06,285 - INFO - Evaluating model...
2025-03-13 23:03:06,320 - INFO -  Model saved at models/naive_bayes_sentiment.pkl
2025-03-13 23:03:06,320 - INFO -  Vectorizer saved at models/tfidf_vectorizer.pkl
2025-03-13 23:04:41,353 - INFO - Starting Sentiment Analysis Training with Naïve Bayes...
2025-03-13 23:04:41,415 - INFO - Balancing dataset...
2025-03-13 23:04:41,426 - INFO - Dataset Balanced: {1: 5894, 0: 5894, 2: 5894}
2025-03-13 23:04:41,427 - INFO - Training Samples: 14145, Test Samples: 3537
2025-03-13 23:04:41,712 - INFO - Training Naïve Bayes model...
2025-03-13 23:04:41,716 - INFO - Evaluating model...
2025-03-13 23:04:41,751 - INFO -  Model saved at models/naive_bayes_sentiment.pkl
2025-03-13 23:04:41,751 - INFO -  Vectorizer saved at models/tfidf_vectorizer.pkl
